Wed Oct 09 15:23:37 CEST 2019 : Apache Derby Network Server - 10.11.1.2 - (1629631) démarré et prêt à accepter les connexions sur le port 1527
----------------------------------------------------------------
Wed Oct 09 15:23:37 CEST 2019:
Amorçage de Derby version The Apache Software Foundation - Apache Derby - 10.11.1.2 - (1629631) : instance a816c00e-016d-b0b0-75af-000032f00424 
dans le répertoire de base de données C:\Users\pedago\Documents\NetBeans\JDBC\sample avec le chargeur de classe sun.misc.Launcher$AppClassLoader@1d44bcfa
Chargé de file:/C:/Program%20Files/Java/jdk1.8.0_77/db/lib/derby.jar
java.vendor=Oracle Corporation
java.runtime.version=1.8.0_77-b03
user.dir=C:\Program Files\Java\jdk1.8.0_77\db
os.name=Windows 10
os.arch=amd64
os.version=10.0
derby.system.home=C:\Users\pedago\Documents\NetBeans\JDBC
Chargeur de classe de la base de données démarré - derby.database.classpath = ''
----------------------------------------------------------------
Wed Oct 09 15:24:16 CEST 2019:
Shutting down instance a816c00e-016d-b0b0-75af-000032f00424 on database directory C:\Users\pedago\Documents\NetBeans\JDBC\sample with class loader sun.misc.Launcher$AppClassLoader@1d44bcfa 
Wed Oct 09 15:24:16 CEST 2019 Thread[DRDAConnThread_3,5,main] (DATABASE = sample), (DRDAID = {8}), Database 'sample' shutdown.
----------------------------------------------------------------
Wed Oct 09 15:24:34 CEST 2019:
Amorçage de Derby version The Apache Software Foundation - Apache Derby - 10.11.1.2 - (1629631) : instance 862e0071-016d-b0b0-75af-000032f00424 
dans le répertoire de base de données C:\Users\pedago\Documents\NetBeans\JDBC\sample avec le chargeur de classe sun.misc.Launcher$AppClassLoader@1d44bcfa
Chargé de file:/C:/Program%20Files/Java/jdk1.8.0_77/db/lib/derby.jar
java.vendor=Oracle Corporation
java.runtime.version=1.8.0_77-b03
user.dir=C:\Program Files\Java\jdk1.8.0_77\db
os.name=Windows 10
os.arch=amd64
os.version=10.0
derby.system.home=C:\Users\pedago\Documents\NetBeans\JDBC
Chargeur de classe de la base de données démarré - derby.database.classpath = ''
